# JRE version: Java(TM) SE Runtime Environment (17.0.7+8) (build 17.0.7+8-LTS-224)
# Java VM: Java HotSpot(TM) 64-Bit Server VM (17.0.7+8-LTS-224, mixed mode, sharing, tiered, compressed oops, compressed class ptrs, g1 gc, windows-amd64)
GC Precious Log:
 CPUs: 16 total, 16 available
 Memory: 14188M
 Large Page Support: Disabled
 NUMA Support: Disabled
 Compressed Oops: Enabled (Zero based)
 Heap Region Size: 2M
 Heap Min Capacity: 8M
 Heap Initial Capacity: 8M
 Heap Max Capacity: 3548M
 Pre-touch: Disabled
 Parallel Workers: 13
 Concurrent Workers: 3
 Concurrent Refinement Workers: 13
 Periodic GC: Disabled
Heap:
 garbage-first heap   total 16384K, used 5640K [0x0000000722400000, 0x0000000800000000)
  region size 2048K, 1 young (2048K), 1 survivors (2048K)
 Metaspace       used 9110K, committed 9280K, reserved 1064960K
  class space    used 1067K, committed 1152K, reserved 1048576K
GC Heap History (17 events):
Event: 0.082 GC heap before
{Heap before GC invocations=0 (full 0):
 garbage-first heap   total 8192K, used 2048K [0x0000000722400000, 0x0000000800000000)
  region size 2048K, 1 young (2048K), 0 survivors (0K)
 Metaspace       used 1398K, committed 1536K, reserved 1056768K
  class space    used 162K, committed 256K, reserved 1048576K
}
Event: 0.083 GC heap after
{Heap after GC invocations=1 (full 0):
 garbage-first heap   total 8192K, used 1248K [0x0000000722400000, 0x0000000800000000)
  region size 2048K, 1 young (2048K), 1 survivors (2048K)
 Metaspace       used 1398K, committed 1536K, reserved 1056768K
  class space    used 162K, committed 256K, reserved 1048576K
}
Event: 0.175 GC heap before
{Heap before GC invocations=1 (full 0):
 garbage-first heap   total 8192K, used 1248K [0x0000000722400000, 0x0000000800000000)
  region size 2048K, 2 young (4096K), 1 survivors (2048K)
 Metaspace       used 5174K, committed 5376K, reserved 1056768K
  class space    used 625K, committed 704K, reserved 1048576K
}
Event: 0.178 GC heap after
{Heap after GC invocations=2 (full 0):
 garbage-first heap   total 8192K, used 1970K [0x0000000722400000, 0x0000000800000000)
  region size 2048K, 1 young (2048K), 1 survivors (2048K)
 Metaspace       used 5174K, committed 5376K, reserved 1056768K
  class space    used 625K, committed 704K, reserved 1048576K
}
Event: 0.256 GC heap before
{Heap before GC invocations=2 (full 0):
 garbage-first heap   total 8192K, used 1970K [0x0000000722400000, 0x0000000800000000)
  region size 2048K, 2 young (4096K), 1 survivors (2048K)
 Metaspace       used 7541K, committed 7680K, reserved 1064960K
  class space    used 875K, committed 960K, reserved 1048576K
}
Event: 0.260 GC heap after
{Heap after GC invocations=3 (full 0):
 garbage-first heap   total 8192K, used 2419K [0x0000000722400000, 0x0000000800000000)
  region size 2048K, 1 young (2048K), 1 survivors (2048K)
 Metaspace       used 7541K, committed 7680K, reserved 1064960K
  class space    used 875K, committed 960K, reserved 1048576K
}
Event: 0.290 GC heap before
{Heap before GC invocations=3 (full 0):
 garbage-first heap   total 8192K, used 2419K [0x0000000722400000, 0x0000000800000000)
  region size 2048K, 2 young (4096K), 1 survivors (2048K)
 Metaspace       used 7918K, committed 8064K, reserved 1064960K
  class space    used 925K, committed 1024K, reserved 1048576K
}
Event: 0.293 GC heap after
{Heap after GC invocations=4 (full 0):
 garbage-first heap   total 8192K, used 3107K [0x0000000722400000, 0x0000000800000000)
  region size 2048K, 1 young (2048K), 1 survivors (2048K)
 Metaspace       used 7918K, committed 8064K, reserved 1064960K
  class space    used 925K, committed 1024K, reserved 1048576K
}
Event: 0.306 GC heap before
{Heap before GC invocations=4 (full 0):
 garbage-first heap   total 8192K, used 3107K [0x0000000722400000, 0x0000000800000000)
  region size 2048K, 2 young (4096K), 1 survivors (2048K)
 Metaspace       used 8013K, committed 8192K, reserved 1064960K
  class space    used 928K, committed 1024K, reserved 1048576K
}
Event: 0.308 GC heap after
{Heap after GC invocations=5 (full 0):
 garbage-first heap   total 16384K, used 3435K [0x0000000722400000, 0x0000000800000000)
  region size 2048K, 1 young (2048K), 1 survivors (2048K)
 Metaspace       used 8013K, committed 8192K, reserved 1064960K
  class space    used 928K, committed 1024K, reserved 1048576K
}
Event: 0.318 GC heap before
{Heap before GC invocations=5 (full 0):
 garbage-first heap   total 16384K, used 5483K [0x0000000722400000, 0x0000000800000000)
  region size 2048K, 2 young (4096K), 1 survivors (2048K)
 Metaspace       used 8049K, committed 8192K, reserved 1064960K
  class space    used 934K, committed 1024K, reserved 1048576K
}
Event: 0.320 GC heap after
{Heap after GC invocations=6 (full 0):
 garbage-first heap   total 16384K, used 3887K [0x0000000722400000, 0x0000000800000000)
  region size 2048K, 1 young (2048K), 1 survivors (2048K)
 Metaspace       used 8049K, committed 8192K, reserved 1064960K
  class space    used 934K, committed 1024K, reserved 1048576K
}
Event: 0.324 GC heap before
{Heap before GC invocations=6 (full 0):
 garbage-first heap   total 16384K, used 5935K [0x0000000722400000, 0x0000000800000000)
  region size 2048K, 2 young (4096K), 1 survivors (2048K)
 Metaspace       used 8056K, committed 8192K, reserved 1064960K
  class space    used 934K, committed 1024K, reserved 1048576K
}
Event: 0.327 GC heap after
{Heap after GC invocations=7 (full 0):
 garbage-first heap   total 16384K, used 4054K [0x0000000722400000, 0x0000000800000000)
  region size 2048K, 1 young (2048K), 1 survivors (2048K)
 Metaspace       used 8056K, committed 8192K, reserved 1064960K
  class space    used 934K, committed 1024K, reserved 1048576K
}
Event: 0.361 GC heap before
{Heap before GC invocations=7 (full 0):
 garbage-first heap   total 16384K, used 8150K [0x0000000722400000, 0x0000000800000000)
  region size 2048K, 3 young (6144K), 1 survivors (2048K)
 Metaspace       used 8426K, committed 8640K, reserved 1064960K
  class space    used 977K, committed 1088K, reserved 1048576K
}
Event: 0.363 GC heap after
{Heap after GC invocations=8 (full 0):
 garbage-first heap   total 16384K, used 4907K [0x0000000722400000, 0x0000000800000000)
  region size 2048K, 1 young (2048K), 1 survivors (2048K)
 Metaspace       used 8426K, committed 8640K, reserved 1064960K
  class space    used 977K, committed 1088K, reserved 1048576K
}
Event: 0.411 GC heap before
{Heap before GC invocations=8 (full 0):
 garbage-first heap   total 16384K, used 6955K [0x0000000722400000, 0x0000000800000000)
  region size 2048K, 3 young (6144K), 1 survivors (2048K)
 Metaspace       used 9110K, committed 9280K, reserved 1064960K
  class space    used 1067K, committed 1152K, reserved 1048576K
}

